
*** Running vivado
    with args -log au_top_0.vds -m64 -product Vivado -mode batch -messageDb vivado.pb -notrace -source au_top_0.tcl



****** Vivado v2020.2 (64-bit)
  **** SW Build 3064766 on Wed Nov 18 09:12:45 MST 2020
  **** IP Build 3064653 on Wed Nov 18 14:17:31 MST 2020
    ** Copyright 1986-2020 Xilinx, Inc. All Rights Reserved.

source au_top_0.tcl -notrace
Command: synth_design -top au_top_0 -part xc7a35tftg256-1
Starting synth_design
Attempting to get a license for feature 'Synthesis' and/or device 'xc7a35t'
INFO: [Common 17-349] Got license for feature 'Synthesis' and/or device 'xc7a35t'
INFO: [Device 21-403] Loading part xc7a35tftg256-1
INFO: [Synth 8-7079] Multithreading enabled for synth_design using a maximum of 2 processes.
INFO: [Synth 8-7078] Launching helper process for spawning children vivado processes
INFO: [Synth 8-7075] Helper process launched with PID 33068
---------------------------------------------------------------------------------
Starting RTL Elaboration : Time (s): cpu = 00:00:04 ; elapsed = 00:00:05 . Memory (MB): peak = 1018.301 ; gain = 0.000
---------------------------------------------------------------------------------
INFO: [Synth 8-6157] synthesizing module 'au_top_0' [C:/Users/limfu/OneDrive/Desktop/FPGA/Temp/Temp/work/vivado/Temp/Temp.srcs/sources_1/imports/verilog/au_top_0.v:7]
	Parameter MANUAL_test bound to: 1'b0 
	Parameter AUTO_test bound to: 1'b1 
INFO: [Synth 8-6157] synthesizing module 'button_conditioner_4' [C:/Users/limfu/OneDrive/Desktop/FPGA/Temp/Temp/work/vivado/Temp/Temp.srcs/sources_1/imports/verilog/button_conditioner_4.v:13]
	Parameter CLK_FREQ bound to: 26'b10111110101111000010000000 
	Parameter MIN_DELAY bound to: 5'b10100 
	Parameter NUM_SYNC bound to: 2'b10 
INFO: [Synth 8-6157] synthesizing module 'pipeline_11' [C:/Users/limfu/OneDrive/Desktop/FPGA/Temp/Temp/work/vivado/Temp/Temp.srcs/sources_1/imports/verilog/pipeline_11.v:11]
	Parameter DEPTH bound to: 2'b10 
INFO: [Synth 8-6155] done synthesizing module 'pipeline_11' (1#1) [C:/Users/limfu/OneDrive/Desktop/FPGA/Temp/Temp/work/vivado/Temp/Temp.srcs/sources_1/imports/verilog/pipeline_11.v:11]
INFO: [Synth 8-6155] done synthesizing module 'button_conditioner_4' (2#1) [C:/Users/limfu/OneDrive/Desktop/FPGA/Temp/Temp/work/vivado/Temp/Temp.srcs/sources_1/imports/verilog/button_conditioner_4.v:13]
INFO: [Synth 8-6157] synthesizing module 'edge_detector_5' [C:/Users/limfu/OneDrive/Desktop/FPGA/Temp/Temp/work/vivado/Temp/Temp.srcs/sources_1/imports/verilog/edge_detector_5.v:12]
	Parameter RISE bound to: 1'b1 
	Parameter FALL bound to: 1'b0 
INFO: [Synth 8-6155] done synthesizing module 'edge_detector_5' (3#1) [C:/Users/limfu/OneDrive/Desktop/FPGA/Temp/Temp/work/vivado/Temp/Temp.srcs/sources_1/imports/verilog/edge_detector_5.v:12]
INFO: [Synth 8-6157] synthesizing module 'counter_1' [C:/Users/limfu/OneDrive/Desktop/FPGA/Temp/Temp/work/vivado/Temp/Temp.srcs/sources_1/imports/verilog/counter_1.v:14]
	Parameter SIZE bound to: 1'b1 
	Parameter DIV bound to: 5'b11010 
	Parameter TOP bound to: 1'b0 
	Parameter UP bound to: 1'b1 
	Parameter MAX_VALUE bound to: 27'b011111111111111111111111111 
INFO: [Synth 8-6155] done synthesizing module 'counter_1' (4#1) [C:/Users/limfu/OneDrive/Desktop/FPGA/Temp/Temp/work/vivado/Temp/Temp.srcs/sources_1/imports/verilog/counter_1.v:14]
INFO: [Synth 8-6157] synthesizing module 'auto_tester_2' [C:/Users/limfu/OneDrive/Desktop/FPGA/Temp/Temp/work/vivado/Temp/Temp.srcs/sources_1/imports/verilog/auto_tester_2.v:7]
	Parameter START_feeder bound to: 5'b00000 
	Parameter S0_feeder bound to: 5'b00001 
	Parameter S1_feeder bound to: 5'b00010 
	Parameter S2_feeder bound to: 5'b00011 
	Parameter S3_feeder bound to: 5'b00100 
	Parameter S4_feeder bound to: 5'b00101 
	Parameter S5_feeder bound to: 5'b00110 
	Parameter S6_feeder bound to: 5'b00111 
	Parameter S7_feeder bound to: 5'b01000 
	Parameter S8_feeder bound to: 5'b01001 
	Parameter S9_feeder bound to: 5'b01010 
	Parameter S10_feeder bound to: 5'b01011 
	Parameter S11_feeder bound to: 5'b01100 
	Parameter S12_feeder bound to: 5'b01101 
	Parameter S13_feeder bound to: 5'b01110 
	Parameter S14_feeder bound to: 5'b01111 
	Parameter S15_feeder bound to: 5'b10000 
	Parameter S16_feeder bound to: 5'b10001 
	Parameter S17_feeder bound to: 5'b10010 
	Parameter S18_feeder bound to: 5'b10011 
	Parameter S19_feeder bound to: 5'b10100 
	Parameter S20_feeder bound to: 5'b10101 
	Parameter S21_feeder bound to: 5'b10110 
	Parameter S22_feeder bound to: 5'b10111 
	Parameter PASS_feeder bound to: 5'b11000 
	Parameter FAIL_feeder bound to: 5'b11001 
INFO: [Synth 8-6157] synthesizing module 'rom1_8' [C:/Users/limfu/OneDrive/Desktop/FPGA/Temp/Temp/work/vivado/Temp/Temp.srcs/sources_1/imports/verilog/rom1_8.v:7]
	Parameter INPUTS bound to: 874'b0000000000010101000000000000001000001010000100101101000000000000000011100011000101000110100000000000000000101000010001010110111101000000000000010110000000101100100010101011001101000100011010101011000011101001011010110100100101100001101100111010010010111001001001111000000000000101010000000000010001011000000000000000000100000000000000001101110000000000000000000000000000000011011100000000000000000000000000000001110111000000000000000100000000000000001101010000000000000000000000000000000111010100000000000000000000000000000001110011000000000000000000000000000000001100110000000000000001000000000000000100000110000000000000000111111111111111000001011111111111111111111111111111110000010000000000000001111111111111111100000100000000000000011111111111111111000000100011000010101011100010001010000000000111001011001011011000100000000000000000000000000101011111111111111011000000 
INFO: [Synth 8-6155] done synthesizing module 'rom1_8' (5#1) [C:/Users/limfu/OneDrive/Desktop/FPGA/Temp/Temp/work/vivado/Temp/Temp.srcs/sources_1/imports/verilog/rom1_8.v:7]
INFO: [Synth 8-6157] synthesizing module 'rom2_9' [C:/Users/limfu/OneDrive/Desktop/FPGA/Temp/Temp/work/vivado/Temp/Temp.srcs/sources_1/imports/verilog/rom2_9.v:7]
	Parameter INPUTS bound to: 437'b00000000001010100001111000010010110000000001010001101000010110111101000000000010110010001010000111101101110100000001011011101110100000000000000010001000000000000000000000000000000000000011000000000000000001001000000000000000000000000000000000010010000000000000000001000000000000000110000000000000000001000000000000000001010100000000000000001100000000000000100000000000000000000100011011100101001001011010100110010110110000000000010000000 
INFO: [Synth 8-6155] done synthesizing module 'rom2_9' (6#1) [C:/Users/limfu/OneDrive/Desktop/FPGA/Temp/Temp/work/vivado/Temp/Temp.srcs/sources_1/imports/verilog/rom2_9.v:7]
INFO: [Synth 8-6157] synthesizing module 'alu_10' [C:/Users/limfu/OneDrive/Desktop/FPGA/Temp/Temp/work/vivado/Temp/Temp.srcs/sources_1/imports/verilog/alu_10.v:7]
INFO: [Synth 8-6157] synthesizing module 'adder_15' [C:/Users/limfu/OneDrive/Desktop/FPGA/Temp/Temp/work/vivado/Temp/Temp.srcs/sources_1/imports/verilog/adder_15.v:7]
INFO: [Synth 8-6155] done synthesizing module 'adder_15' (7#1) [C:/Users/limfu/OneDrive/Desktop/FPGA/Temp/Temp/work/vivado/Temp/Temp.srcs/sources_1/imports/verilog/adder_15.v:7]
INFO: [Synth 8-6157] synthesizing module 'compare_16' [C:/Users/limfu/OneDrive/Desktop/FPGA/Temp/Temp/work/vivado/Temp/Temp.srcs/sources_1/imports/verilog/compare_16.v:7]
INFO: [Synth 8-155] case statement is not full and has no default [C:/Users/limfu/OneDrive/Desktop/FPGA/Temp/Temp/work/vivado/Temp/Temp.srcs/sources_1/imports/verilog/compare_16.v:20]
INFO: [Synth 8-6155] done synthesizing module 'compare_16' (8#1) [C:/Users/limfu/OneDrive/Desktop/FPGA/Temp/Temp/work/vivado/Temp/Temp.srcs/sources_1/imports/verilog/compare_16.v:7]
INFO: [Synth 8-6157] synthesizing module 'boolean_17' [C:/Users/limfu/OneDrive/Desktop/FPGA/Temp/Temp/work/vivado/Temp/Temp.srcs/sources_1/imports/verilog/boolean_17.v:7]
INFO: [Synth 8-6155] done synthesizing module 'boolean_17' (9#1) [C:/Users/limfu/OneDrive/Desktop/FPGA/Temp/Temp/work/vivado/Temp/Temp.srcs/sources_1/imports/verilog/boolean_17.v:7]
INFO: [Synth 8-6157] synthesizing module 'shifter_18' [C:/Users/limfu/OneDrive/Desktop/FPGA/Temp/Temp/work/vivado/Temp/Temp.srcs/sources_1/imports/verilog/shifter_18.v:7]
INFO: [Synth 8-6155] done synthesizing module 'shifter_18' (10#1) [C:/Users/limfu/OneDrive/Desktop/FPGA/Temp/Temp/work/vivado/Temp/Temp.srcs/sources_1/imports/verilog/shifter_18.v:7]
INFO: [Synth 8-226] default block is never used [C:/Users/limfu/OneDrive/Desktop/FPGA/Temp/Temp/work/vivado/Temp/Temp.srcs/sources_1/imports/verilog/alu_10.v:89]
INFO: [Synth 8-6155] done synthesizing module 'alu_10' (11#1) [C:/Users/limfu/OneDrive/Desktop/FPGA/Temp/Temp/work/vivado/Temp/Temp.srcs/sources_1/imports/verilog/alu_10.v:7]
INFO: [Synth 8-155] case statement is not full and has no default [C:/Users/limfu/OneDrive/Desktop/FPGA/Temp/Temp/work/vivado/Temp/Temp.srcs/sources_1/imports/verilog/auto_tester_2.v:113]
INFO: [Synth 8-6155] done synthesizing module 'auto_tester_2' (12#1) [C:/Users/limfu/OneDrive/Desktop/FPGA/Temp/Temp/work/vivado/Temp/Temp.srcs/sources_1/imports/verilog/auto_tester_2.v:7]
INFO: [Synth 8-6157] synthesizing module 'manual_tester_3' [C:/Users/limfu/OneDrive/Desktop/FPGA/Temp/Temp/work/vivado/Temp/Temp.srcs/sources_1/imports/verilog/manual_tester_3.v:7]
	Parameter AINPUT_controller bound to: 2'b00 
	Parameter BINPUT_controller bound to: 2'b01 
	Parameter ALUFNINPUT_controller bound to: 2'b10 
	Parameter OUTPUT_controller bound to: 2'b11 
INFO: [Synth 8-6155] done synthesizing module 'manual_tester_3' (13#1) [C:/Users/limfu/OneDrive/Desktop/FPGA/Temp/Temp/work/vivado/Temp/Temp.srcs/sources_1/imports/verilog/manual_tester_3.v:7]
INFO: [Synth 8-6157] synthesizing module 'multi_seven_seg_6' [C:/Users/limfu/OneDrive/Desktop/FPGA/Temp/Temp/work/vivado/Temp/Temp.srcs/sources_1/imports/verilog/multi_seven_seg_6.v:12]
	Parameter DIGITS bound to: 3'b100 
	Parameter DIV bound to: 5'b10000 
	Parameter DIGIT_BITS bound to: 2'b10 
INFO: [Synth 8-6157] synthesizing module 'counter_12' [C:/Users/limfu/OneDrive/Desktop/FPGA/Temp/Temp/work/vivado/Temp/Temp.srcs/sources_1/imports/verilog/counter_12.v:14]
	Parameter SIZE bound to: 2'b10 
	Parameter DIV bound to: 5'b10000 
	Parameter TOP bound to: 4'b0011 
	Parameter UP bound to: 1'b1 
	Parameter MAX_VALUE bound to: 20'b00111111111111111111 
INFO: [Synth 8-6155] done synthesizing module 'counter_12' (14#1) [C:/Users/limfu/OneDrive/Desktop/FPGA/Temp/Temp/work/vivado/Temp/Temp.srcs/sources_1/imports/verilog/counter_12.v:14]
INFO: [Synth 8-6157] synthesizing module 'seven_seg_13' [C:/Users/limfu/OneDrive/Desktop/FPGA/Temp/Temp/work/vivado/Temp/Temp.srcs/sources_1/imports/verilog/seven_seg_13.v:7]
INFO: [Synth 8-6155] done synthesizing module 'seven_seg_13' (15#1) [C:/Users/limfu/OneDrive/Desktop/FPGA/Temp/Temp/work/vivado/Temp/Temp.srcs/sources_1/imports/verilog/seven_seg_13.v:7]
INFO: [Synth 8-6157] synthesizing module 'decoder_14' [C:/Users/limfu/OneDrive/Desktop/FPGA/Temp/Temp/work/vivado/Temp/Temp.srcs/sources_1/imports/verilog/decoder_14.v:11]
	Parameter WIDTH bound to: 2'b10 
INFO: [Synth 8-6155] done synthesizing module 'decoder_14' (16#1) [C:/Users/limfu/OneDrive/Desktop/FPGA/Temp/Temp/work/vivado/Temp/Temp.srcs/sources_1/imports/verilog/decoder_14.v:11]
INFO: [Synth 8-6155] done synthesizing module 'multi_seven_seg_6' (17#1) [C:/Users/limfu/OneDrive/Desktop/FPGA/Temp/Temp/work/vivado/Temp/Temp.srcs/sources_1/imports/verilog/multi_seven_seg_6.v:12]
INFO: [Synth 8-6157] synthesizing module 'reset_conditioner_7' [C:/Users/limfu/OneDrive/Desktop/FPGA/Temp/Temp/work/vivado/Temp/Temp.srcs/sources_1/imports/verilog/reset_conditioner_7.v:11]
	Parameter STAGES bound to: 3'b100 
INFO: [Synth 8-6155] done synthesizing module 'reset_conditioner_7' (18#1) [C:/Users/limfu/OneDrive/Desktop/FPGA/Temp/Temp/work/vivado/Temp/Temp.srcs/sources_1/imports/verilog/reset_conditioner_7.v:11]
INFO: [Synth 8-6155] done synthesizing module 'au_top_0' (19#1) [C:/Users/limfu/OneDrive/Desktop/FPGA/Temp/Temp/work/vivado/Temp/Temp.srcs/sources_1/imports/verilog/au_top_0.v:7]
---------------------------------------------------------------------------------
Finished RTL Elaboration : Time (s): cpu = 00:00:05 ; elapsed = 00:00:06 . Memory (MB): peak = 1018.301 ; gain = 0.000
---------------------------------------------------------------------------------
---------------------------------------------------------------------------------
Start Handling Custom Attributes
---------------------------------------------------------------------------------
---------------------------------------------------------------------------------
Finished Handling Custom Attributes : Time (s): cpu = 00:00:06 ; elapsed = 00:00:06 . Memory (MB): peak = 1018.301 ; gain = 0.000
---------------------------------------------------------------------------------
---------------------------------------------------------------------------------
Finished RTL Optimization Phase 1 : Time (s): cpu = 00:00:06 ; elapsed = 00:00:06 . Memory (MB): peak = 1018.301 ; gain = 0.000
---------------------------------------------------------------------------------
Netlist sorting complete. Time (s): cpu = 00:00:00 ; elapsed = 00:00:00.022 . Memory (MB): peak = 1018.301 ; gain = 0.000
INFO: [Project 1-570] Preparing netlist for logic optimization

Processing XDC Constraints
Initializing timing engine
Parsing XDC File [C:/Users/limfu/OneDrive/Desktop/FPGA/Temp/Temp/work/constraint/alchitry.xdc]
Finished Parsing XDC File [C:/Users/limfu/OneDrive/Desktop/FPGA/Temp/Temp/work/constraint/alchitry.xdc]
INFO: [Project 1-236] Implementation specific constraints were found while reading constraint file [C:/Users/limfu/OneDrive/Desktop/FPGA/Temp/Temp/work/constraint/alchitry.xdc]. These constraints will be ignored for synthesis but will be used in implementation. Impacted constraints are listed in the file [.Xil/au_top_0_propImpl.xdc].
Resolution: To avoid this warning, move constraints listed in [.Xil/au_top_0_propImpl.xdc] to another XDC file and exclude this new file from synthesis with the used_in_synthesis property (File Properties dialog in GUI) and re-run elaboration/synthesis.
Parsing XDC File [C:/Users/limfu/OneDrive/Desktop/FPGA/Temp/Temp/work/constraint/io.xdc]
Finished Parsing XDC File [C:/Users/limfu/OneDrive/Desktop/FPGA/Temp/Temp/work/constraint/io.xdc]
INFO: [Project 1-236] Implementation specific constraints were found while reading constraint file [C:/Users/limfu/OneDrive/Desktop/FPGA/Temp/Temp/work/constraint/io.xdc]. These constraints will be ignored for synthesis but will be used in implementation. Impacted constraints are listed in the file [.Xil/au_top_0_propImpl.xdc].
Resolution: To avoid this warning, move constraints listed in [.Xil/au_top_0_propImpl.xdc] to another XDC file and exclude this new file from synthesis with the used_in_synthesis property (File Properties dialog in GUI) and re-run elaboration/synthesis.
Parsing XDC File [C:/Program Files/Alchitry/Alchitry Labs/library/components/au.xdc]
Finished Parsing XDC File [C:/Program Files/Alchitry/Alchitry Labs/library/components/au.xdc]
Completed Processing XDC Constraints

Netlist sorting complete. Time (s): cpu = 00:00:00 ; elapsed = 00:00:00 . Memory (MB): peak = 1055.102 ; gain = 0.000
INFO: [Project 1-111] Unisim Transformation Summary:
No Unisim elements were transformed.

Constraint Validation Runtime : Time (s): cpu = 00:00:00 ; elapsed = 00:00:00.005 . Memory (MB): peak = 1055.102 ; gain = 0.000
---------------------------------------------------------------------------------
Finished Constraint Validation : Time (s): cpu = 00:00:13 ; elapsed = 00:00:14 . Memory (MB): peak = 1055.102 ; gain = 36.801
---------------------------------------------------------------------------------
---------------------------------------------------------------------------------
Start Loading Part and Timing Information
---------------------------------------------------------------------------------
Loading part: xc7a35tftg256-1
---------------------------------------------------------------------------------
Finished Loading Part and Timing Information : Time (s): cpu = 00:00:13 ; elapsed = 00:00:14 . Memory (MB): peak = 1055.102 ; gain = 36.801
---------------------------------------------------------------------------------
---------------------------------------------------------------------------------
Start Applying 'set_property' XDC Constraints
---------------------------------------------------------------------------------
---------------------------------------------------------------------------------
Finished applying 'set_property' XDC Constraints : Time (s): cpu = 00:00:13 ; elapsed = 00:00:14 . Memory (MB): peak = 1055.102 ; gain = 36.801
---------------------------------------------------------------------------------
---------------------------------------------------------------------------------
Finished RTL Optimization Phase 2 : Time (s): cpu = 00:00:14 ; elapsed = 00:00:15 . Memory (MB): peak = 1055.102 ; gain = 36.801
---------------------------------------------------------------------------------
---------------------------------------------------------------------------------
Start RTL Component Statistics 
---------------------------------------------------------------------------------
Detailed RTL Component Info : 
+---Adders : 
	   2 Input   18 Bit       Adders := 1     
	   3 Input   16 Bit       Adders := 2     
+---XORs : 
	   2 Input     16 Bit         XORs := 4     
	   2 Input      1 Bit         XORs := 2     
+---Registers : 
	               18 Bit    Registers := 1     
	               16 Bit    Registers := 3     
	                6 Bit    Registers := 1     
	                5 Bit    Registers := 1     
	                4 Bit    Registers := 1     
	                2 Bit    Registers := 4     
	                1 Bit    Registers := 7     
+---Muxes : 
	   2 Input   24 Bit        Muxes := 1     
	   2 Input   18 Bit        Muxes := 1     
	   2 Input   16 Bit        Muxes := 7     
	   4 Input   16 Bit        Muxes := 9     
	  27 Input   16 Bit        Muxes := 2     
	  10 Input   15 Bit        Muxes := 1     
	  27 Input    6 Bit        Muxes := 1     
	   4 Input    6 Bit        Muxes := 1     
	   2 Input    5 Bit        Muxes := 25    
	   4 Input    4 Bit        Muxes := 1     
	   4 Input    3 Bit        Muxes := 1     
	  27 Input    2 Bit        Muxes := 1     
	   7 Input    2 Bit        Muxes := 1     
	   2 Input    1 Bit        Muxes := 14    
	   4 Input    1 Bit        Muxes := 10    
	  27 Input    1 Bit        Muxes := 8     
---------------------------------------------------------------------------------
Finished RTL Component Statistics 
---------------------------------------------------------------------------------
---------------------------------------------------------------------------------
Start Part Resource Summary
---------------------------------------------------------------------------------
Part Resources:
DSPs: 90 (col length:60)
BRAMs: 100 (col length: RAMB18 60 RAMB36 30)
---------------------------------------------------------------------------------
Finished Part Resource Summary
---------------------------------------------------------------------------------
---------------------------------------------------------------------------------
Start Cross Boundary and Area Optimization
---------------------------------------------------------------------------------
DSP Report: Generating DSP adder/add0, operation Mode is: A*B.
DSP Report: operator adder/add0 is absorbed into DSP adder/add0.
DSP Report: Generating DSP manual_test/alu/adder/add0, operation Mode is: A2*B2.
DSP Report: register manual_test/M_input_b_q_reg is absorbed into DSP manual_test/alu/adder/add0.
DSP Report: register manual_test/M_input_a_q_reg is absorbed into DSP manual_test/alu/adder/add0.
DSP Report: operator manual_test/alu/adder/add0 is absorbed into DSP manual_test/alu/adder/add0.
---------------------------------------------------------------------------------
Finished Cross Boundary and Area Optimization : Time (s): cpu = 00:00:37 ; elapsed = 00:00:38 . Memory (MB): peak = 1055.102 ; gain = 36.801
---------------------------------------------------------------------------------
---------------------------------------------------------------------------------
Start ROM, RAM, DSP, Shift Register and Retiming Reporting
---------------------------------------------------------------------------------

ROM: Preliminary Mapping	Report
+--------------+-------------------+---------------+----------------+
|Module Name   | RTL Object        | Depth x Width | Implemented As | 
+--------------+-------------------+---------------+----------------+
|auto_tester_2 | M_inputs_selector | 32x5          | LUT            | 
|auto_tester_2 | M_inputs_selector | 32x5          | LUT            | 
+--------------+-------------------+---------------+----------------+


DSP: Preliminary Mapping	Report (see note below)
+------------+-------------+--------+--------+--------+--------+--------+------+------+------+------+-------+------+------+
|Module Name | DSP Mapping | A Size | B Size | C Size | D Size | P Size | AREG | BREG | CREG | DREG | ADREG | MREG | PREG | 
+------------+-------------+--------+--------+--------+--------+--------+------+------+------+------+-------+------+------+
|adder_15    | A*B         | 16     | 16     | -      | -      | 32     | 0    | 0    | -    | -    | -     | 0    | 0    | 
|au_top_0    | A2*B2       | 16     | 16     | -      | -      | 32     | 1    | 1    | -    | -    | -     | 0    | 0    | 
+------------+-------------+--------+--------+--------+--------+--------+------+------+------+------+-------+------+------+

Note: The table above is a preliminary report that shows the DSPs inferred at the current stage of the synthesis flow. Some DSP may be reimplemented as non DSP primitives later in the synthesis flow. Multiple instantiated DSPs are reported only once.
---------------------------------------------------------------------------------
Finished ROM, RAM, DSP, Shift Register and Retiming Reporting
---------------------------------------------------------------------------------
---------------------------------------------------------------------------------
Start Applying XDC Timing Constraints
---------------------------------------------------------------------------------
---------------------------------------------------------------------------------
Finished Applying XDC Timing Constraints : Time (s): cpu = 00:00:47 ; elapsed = 00:00:49 . Memory (MB): peak = 1087.617 ; gain = 69.316
---------------------------------------------------------------------------------
---------------------------------------------------------------------------------
Start Timing Optimization
---------------------------------------------------------------------------------
---------------------------------------------------------------------------------
Finished Timing Optimization : Time (s): cpu = 00:00:49 ; elapsed = 00:00:51 . Memory (MB): peak = 1138.168 ; gain = 119.867
---------------------------------------------------------------------------------
---------------------------------------------------------------------------------
Start Technology Mapping
---------------------------------------------------------------------------------
---------------------------------------------------------------------------------
Finished Technology Mapping : Time (s): cpu = 00:00:50 ; elapsed = 00:00:51 . Memory (MB): peak = 1138.973 ; gain = 120.672
---------------------------------------------------------------------------------
---------------------------------------------------------------------------------
Start IO Insertion
---------------------------------------------------------------------------------
---------------------------------------------------------------------------------
Start Flattening Before IO Insertion
---------------------------------------------------------------------------------
---------------------------------------------------------------------------------
Finished Flattening Before IO Insertion
---------------------------------------------------------------------------------
---------------------------------------------------------------------------------
Start Final Netlist Cleanup
---------------------------------------------------------------------------------
---------------------------------------------------------------------------------
Finished Final Netlist Cleanup
---------------------------------------------------------------------------------
---------------------------------------------------------------------------------
Finished IO Insertion : Time (s): cpu = 00:00:54 ; elapsed = 00:00:55 . Memory (MB): peak = 1149.355 ; gain = 131.055
---------------------------------------------------------------------------------
---------------------------------------------------------------------------------
Start Renaming Generated Instances
---------------------------------------------------------------------------------
---------------------------------------------------------------------------------
Finished Renaming Generated Instances : Time (s): cpu = 00:00:54 ; elapsed = 00:00:55 . Memory (MB): peak = 1149.355 ; gain = 131.055
---------------------------------------------------------------------------------
---------------------------------------------------------------------------------
Start Rebuilding User Hierarchy
---------------------------------------------------------------------------------
---------------------------------------------------------------------------------
Finished Rebuilding User Hierarchy : Time (s): cpu = 00:00:54 ; elapsed = 00:00:55 . Memory (MB): peak = 1149.355 ; gain = 131.055
---------------------------------------------------------------------------------
---------------------------------------------------------------------------------
Start Renaming Generated Ports
---------------------------------------------------------------------------------
---------------------------------------------------------------------------------
Finished Renaming Generated Ports : Time (s): cpu = 00:00:54 ; elapsed = 00:00:55 . Memory (MB): peak = 1149.355 ; gain = 131.055
---------------------------------------------------------------------------------
---------------------------------------------------------------------------------
Start Handling Custom Attributes
---------------------------------------------------------------------------------
---------------------------------------------------------------------------------
Finished Handling Custom Attributes : Time (s): cpu = 00:00:54 ; elapsed = 00:00:55 . Memory (MB): peak = 1149.355 ; gain = 131.055
---------------------------------------------------------------------------------
---------------------------------------------------------------------------------
Start Renaming Generated Nets
---------------------------------------------------------------------------------
---------------------------------------------------------------------------------
Finished Renaming Generated Nets : Time (s): cpu = 00:00:54 ; elapsed = 00:00:55 . Memory (MB): peak = 1149.355 ; gain = 131.055
---------------------------------------------------------------------------------
---------------------------------------------------------------------------------
Start Writing Synthesis Report
---------------------------------------------------------------------------------

Report BlackBoxes: 
+-+--------------+----------+
| |BlackBox name |Instances |
+-+--------------+----------+
+-+--------------+----------+

Report Cell Usage: 
+------+--------+------+
|      |Cell    |Count |
+------+--------+------+
|1     |BUFG    |     1|
|2     |CARRY4  |    85|
|3     |DSP48E1 |     2|
|5     |LUT1    |    14|
|6     |LUT2    |    81|
|7     |LUT3    |   146|
|8     |LUT4    |    72|
|9     |LUT5    |   122|
|10    |LUT6    |   594|
|11    |MUXF7   |    26|
|12    |FDRE    |   179|
|13    |FDSE    |     4|
|14    |IBUF    |    24|
|15    |OBUF    |    45|
+------+--------+------+
---------------------------------------------------------------------------------
Finished Writing Synthesis Report : Time (s): cpu = 00:00:54 ; elapsed = 00:00:55 . Memory (MB): peak = 1149.355 ; gain = 131.055
---------------------------------------------------------------------------------
Synthesis finished with 0 errors, 0 critical warnings and 0 warnings.
Synthesis Optimization Runtime : Time (s): cpu = 00:00:46 ; elapsed = 00:00:53 . Memory (MB): peak = 1149.355 ; gain = 94.254
Synthesis Optimization Complete : Time (s): cpu = 00:00:54 ; elapsed = 00:00:55 . Memory (MB): peak = 1149.355 ; gain = 131.055
INFO: [Project 1-571] Translating synthesized netlist
Netlist sorting complete. Time (s): cpu = 00:00:00 ; elapsed = 00:00:00.022 . Memory (MB): peak = 1161.422 ; gain = 0.000
INFO: [Netlist 29-17] Analyzing 113 Unisim elements for replacement
INFO: [Netlist 29-28] Unisim Transformation completed in 0 CPU seconds
INFO: [Project 1-570] Preparing netlist for logic optimization
INFO: [Opt 31-138] Pushed 0 inverter(s) to 0 load pin(s).
Netlist sorting complete. Time (s): cpu = 00:00:00 ; elapsed = 00:00:00 . Memory (MB): peak = 1161.422 ; gain = 0.000
INFO: [Project 1-111] Unisim Transformation Summary:
No Unisim elements were transformed.

INFO: [Common 17-83] Releasing license: Synthesis
57 Infos, 0 Warnings, 0 Critical Warnings and 0 Errors encountered.
synth_design completed successfully
synth_design: Time (s): cpu = 00:01:00 ; elapsed = 00:01:04 . Memory (MB): peak = 1161.422 ; gain = 143.121
INFO: [Common 17-1381] The checkpoint 'C:/Users/limfu/OneDrive/Desktop/FPGA/Temp/Temp/work/vivado/Temp/Temp.runs/synth_1/au_top_0.dcp' has been generated.
INFO: [runtcl-4] Executing : report_utilization -file au_top_0_utilization_synth.rpt -pb au_top_0_utilization_synth.pb
INFO: [Common 17-206] Exiting Vivado at Sat Mar 12 17:25:03 2022...
